{"/home/rafaelejosi/Projetos React/2_cronometro/cronometro/src/App.jsx": {"path":"/home/rafaelejosi/Projetos React/2_cronometro/cronometro/src/App.jsx","all":false,"statementMap":{"0":{"start":{"line":1,"column":0},"end":{"line":1,"column":18}},"1":{"start":{"line":2,"column":0},"end":{"line":2,"column":38}},"2":{"start":{"line":3,"column":0},"end":{"line":3,"column":25}},"3":{"start":{"line":4,"column":0},"end":{"line":4,"column":16}},"4":{"start":{"line":5,"column":0},"end":{"line":5,"column":10}},"5":{"start":{"line":6,"column":0},"end":{"line":6,"column":6}},"6":{"start":{"line":7,"column":0},"end":{"line":7,"column":15}},"7":{"start":{"line":8,"column":0},"end":{"line":8,"column":7}},"8":{"start":{"line":9,"column":0},"end":{"line":9,"column":3}},"9":{"start":{"line":10,"column":0},"end":{"line":10,"column":1}},"10":{"start":{"line":11,"column":0},"end":{"line":11,"column":0}},"11":{"start":{"line":12,"column":0},"end":{"line":12,"column":18}}},"s":{"0":1,"1":1,"2":1,"3":1,"4":1,"5":1,"6":1,"7":1,"8":1,"9":1,"10":1,"11":1},"branchMap":{"0":{"type":"branch","line":4,"loc":{"start":{"line":4,"column":0},"end":{"line":10,"column":1}},"locations":[{"start":{"line":4,"column":0},"end":{"line":10,"column":1}}]}},"b":{"0":[1]},"fnMap":{"0":{"name":"App","decl":{"start":{"line":4,"column":0},"end":{"line":10,"column":1}},"loc":{"start":{"line":4,"column":0},"end":{"line":10,"column":1}},"line":4}},"f":{"0":1}}
,"/home/rafaelejosi/Projetos React/2_cronometro/cronometro/src/components/LapList.jsx": {"path":"/home/rafaelejosi/Projetos React/2_cronometro/cronometro/src/components/LapList.jsx","all":false,"statementMap":{"0":{"start":{"line":1,"column":0},"end":{"line":1,"column":25}},"1":{"start":{"line":2,"column":0},"end":{"line":2,"column":0}},"2":{"start":{"line":3,"column":0},"end":{"line":3,"column":23}},"3":{"start":{"line":4,"column":0},"end":{"line":4,"column":10}},"4":{"start":{"line":5,"column":0},"end":{"line":5,"column":32}},"5":{"start":{"line":6,"column":0},"end":{"line":6,"column":22}},"6":{"start":{"line":7,"column":0},"end":{"line":7,"column":10}},"7":{"start":{"line":8,"column":0},"end":{"line":8,"column":31}},"8":{"start":{"line":9,"column":0},"end":{"line":9,"column":31}},"9":{"start":{"line":10,"column":0},"end":{"line":10,"column":11}},"10":{"start":{"line":11,"column":0},"end":{"line":11,"column":10}},"11":{"start":{"line":12,"column":0},"end":{"line":12,"column":3}},"12":{"start":{"line":13,"column":0},"end":{"line":13,"column":1}},"13":{"start":{"line":14,"column":0},"end":{"line":14,"column":0}},"14":{"start":{"line":15,"column":0},"end":{"line":15,"column":22}}},"s":{"0":1,"1":1,"2":1,"3":10,"4":10,"5":10,"6":10,"7":10,"8":10,"9":10,"10":10,"11":10,"12":10,"13":1,"14":1},"branchMap":{"0":{"type":"branch","line":3,"loc":{"start":{"line":3,"column":16},"end":{"line":13,"column":1}},"locations":[{"start":{"line":3,"column":16},"end":{"line":13,"column":1}}]}},"b":{"0":[10]},"fnMap":{"0":{"name":"LapList","decl":{"start":{"line":3,"column":16},"end":{"line":13,"column":1}},"loc":{"start":{"line":3,"column":16},"end":{"line":13,"column":1}},"line":3}},"f":{"0":10}}
,"/home/rafaelejosi/Projetos React/2_cronometro/cronometro/src/components/Timer.jsx": {"path":"/home/rafaelejosi/Projetos React/2_cronometro/cronometro/src/components/Timer.jsx","all":false,"statementMap":{"0":{"start":{"line":1,"column":0},"end":{"line":1,"column":50}},"1":{"start":{"line":2,"column":0},"end":{"line":2,"column":41}},"2":{"start":{"line":3,"column":0},"end":{"line":3,"column":43}},"3":{"start":{"line":4,"column":0},"end":{"line":4,"column":31}},"4":{"start":{"line":5,"column":0},"end":{"line":5,"column":20}},"5":{"start":{"line":6,"column":0},"end":{"line":6,"column":0}},"6":{"start":{"line":7,"column":0},"end":{"line":7,"column":21}},"7":{"start":{"line":8,"column":0},"end":{"line":8,"column":51}},"8":{"start":{"line":9,"column":0},"end":{"line":9,"column":47}},"9":{"start":{"line":10,"column":0},"end":{"line":10,"column":38}},"10":{"start":{"line":11,"column":0},"end":{"line":11,"column":28}},"11":{"start":{"line":12,"column":0},"end":{"line":12,"column":76}},"12":{"start":{"line":13,"column":0},"end":{"line":13,"column":75}},"13":{"start":{"line":14,"column":0},"end":{"line":14,"column":77}},"14":{"start":{"line":15,"column":0},"end":{"line":15,"column":49}},"15":{"start":{"line":16,"column":0},"end":{"line":16,"column":3}},"16":{"start":{"line":17,"column":0},"end":{"line":17,"column":36}},"17":{"start":{"line":18,"column":0},"end":{"line":18,"column":30}},"18":{"start":{"line":19,"column":0},"end":{"line":19,"column":63}},"19":{"start":{"line":20,"column":0},"end":{"line":20,"column":10}},"20":{"start":{"line":21,"column":0},"end":{"line":21,"column":3}},"21":{"start":{"line":22,"column":0},"end":{"line":22,"column":35}},"22":{"start":{"line":23,"column":0},"end":{"line":23,"column":27}},"23":{"start":{"line":24,"column":0},"end":{"line":24,"column":19}},"24":{"start":{"line":25,"column":0},"end":{"line":25,"column":3}},"25":{"start":{"line":26,"column":0},"end":{"line":26,"column":0}},"26":{"start":{"line":27,"column":0},"end":{"line":27,"column":19}},"27":{"start":{"line":28,"column":0},"end":{"line":28,"column":23}},"28":{"start":{"line":29,"column":0},"end":{"line":29,"column":18}},"29":{"start":{"line":30,"column":0},"end":{"line":30,"column":37}},"30":{"start":{"line":31,"column":0},"end":{"line":31,"column":12}},"31":{"start":{"line":32,"column":0},"end":{"line":32,"column":36}},"32":{"start":{"line":33,"column":0},"end":{"line":33,"column":5}},"33":{"start":{"line":34,"column":0},"end":{"line":34,"column":36}},"34":{"start":{"line":35,"column":0},"end":{"line":35,"column":15}},"35":{"start":{"line":36,"column":0},"end":{"line":36,"column":0}},"36":{"start":{"line":37,"column":0},"end":{"line":37,"column":10}},"37":{"start":{"line":38,"column":0},"end":{"line":38,"column":37}},"38":{"start":{"line":39,"column":0},"end":{"line":39,"column":42}},"39":{"start":{"line":40,"column":0},"end":{"line":40,"column":20}},"40":{"start":{"line":41,"column":0},"end":{"line":41,"column":40}},"41":{"start":{"line":42,"column":0},"end":{"line":42,"column":40}},"42":{"start":{"line":43,"column":0},"end":{"line":43,"column":8}},"43":{"start":{"line":44,"column":0},"end":{"line":44,"column":17}},"44":{"start":{"line":45,"column":0},"end":{"line":45,"column":10}},"45":{"start":{"line":46,"column":0},"end":{"line":46,"column":3}},"46":{"start":{"line":47,"column":0},"end":{"line":47,"column":1}},"47":{"start":{"line":48,"column":0},"end":{"line":48,"column":0}},"48":{"start":{"line":49,"column":0},"end":{"line":49,"column":20}}},"s":{"0":1,"1":1,"2":1,"3":1,"4":1,"5":1,"6":1,"7":11,"8":11,"9":11,"10":11,"11":10,"12":10,"13":10,"14":10,"15":10,"16":11,"17":2,"18":200,"19":2,"20":2,"21":11,"22":14,"23":14,"24":14,"25":11,"26":11,"27":8,"28":8,"29":2,"30":8,"31":6,"32":6,"33":8,"34":11,"35":11,"36":11,"37":11,"38":11,"39":11,"40":11,"41":11,"42":11,"43":11,"44":11,"45":11,"46":11,"47":1,"48":1},"branchMap":{"0":{"type":"branch","line":7,"loc":{"start":{"line":7,"column":14},"end":{"line":47,"column":1}},"locations":[{"start":{"line":7,"column":14},"end":{"line":47,"column":1}}]},"1":{"type":"branch","line":11,"loc":{"start":{"line":11,"column":21},"end":{"line":16,"column":3}},"locations":[{"start":{"line":11,"column":21},"end":{"line":16,"column":3}}]},"2":{"type":"branch","line":17,"loc":{"start":{"line":17,"column":21},"end":{"line":21,"column":3}},"locations":[{"start":{"line":17,"column":21},"end":{"line":21,"column":3}}]},"3":{"type":"branch","line":18,"loc":{"start":{"line":18,"column":23},"end":{"line":20,"column":5}},"locations":[{"start":{"line":18,"column":23},"end":{"line":20,"column":5}}]},"4":{"type":"branch","line":19,"loc":{"start":{"line":19,"column":21},"end":{"line":19,"column":63}},"locations":[{"start":{"line":19,"column":21},"end":{"line":19,"column":63}}]},"5":{"type":"branch","line":22,"loc":{"start":{"line":22,"column":20},"end":{"line":25,"column":3}},"locations":[{"start":{"line":22,"column":20},"end":{"line":25,"column":3}}]},"6":{"type":"branch","line":27,"loc":{"start":{"line":27,"column":12},"end":{"line":35,"column":3}},"locations":[{"start":{"line":27,"column":12},"end":{"line":35,"column":3}}]},"7":{"type":"branch","line":29,"loc":{"start":{"line":29,"column":17},"end":{"line":31,"column":5}},"locations":[{"start":{"line":29,"column":17},"end":{"line":31,"column":5}}]},"8":{"type":"branch","line":31,"loc":{"start":{"line":31,"column":5},"end":{"line":33,"column":5}},"locations":[{"start":{"line":31,"column":5},"end":{"line":33,"column":5}}]},"9":{"type":"branch","line":34,"loc":{"start":{"line":34,"column":11},"end":{"line":34,"column":36}},"locations":[{"start":{"line":34,"column":11},"end":{"line":34,"column":36}}]},"10":{"type":"branch","line":41,"loc":{"start":{"line":41,"column":17},"end":{"line":41,"column":40}},"locations":[{"start":{"line":41,"column":17},"end":{"line":41,"column":40}}]},"11":{"type":"branch","line":42,"loc":{"start":{"line":42,"column":16},"end":{"line":42,"column":40}},"locations":[{"start":{"line":42,"column":16},"end":{"line":42,"column":40}}]}},"b":{"0":[11],"1":[10],"2":[2],"3":[200],"4":[200],"5":[14],"6":[8],"7":[2],"8":[6],"9":[8],"10":[2],"11":[2]},"fnMap":{"0":{"name":"Timer","decl":{"start":{"line":7,"column":14},"end":{"line":47,"column":1}},"loc":{"start":{"line":7,"column":14},"end":{"line":47,"column":1}},"line":7},"1":{"name":"formatTime","decl":{"start":{"line":11,"column":21},"end":{"line":16,"column":3}},"loc":{"start":{"line":11,"column":21},"end":{"line":16,"column":3}},"line":11},"2":{"name":"startTimer","decl":{"start":{"line":17,"column":21},"end":{"line":21,"column":3}},"loc":{"start":{"line":17,"column":21},"end":{"line":21,"column":3}},"line":17},"3":{"name":"stopTimer","decl":{"start":{"line":22,"column":20},"end":{"line":25,"column":3}},"loc":{"start":{"line":22,"column":20},"end":{"line":25,"column":3}},"line":22},"4":{"name":"onStart","decl":{"start":{"line":41,"column":17},"end":{"line":41,"column":40}},"loc":{"start":{"line":41,"column":17},"end":{"line":41,"column":40}},"line":41},"5":{"name":"onStop","decl":{"start":{"line":42,"column":16},"end":{"line":42,"column":40}},"loc":{"start":{"line":42,"column":16},"end":{"line":42,"column":40}},"line":42}},"f":{"0":11,"1":10,"2":2,"3":14,"4":2,"5":2}}
,"/home/rafaelejosi/Projetos React/2_cronometro/cronometro/src/components/TimerControls.jsx": {"path":"/home/rafaelejosi/Projetos React/2_cronometro/cronometro/src/components/TimerControls.jsx","all":false,"statementMap":{"0":{"start":{"line":1,"column":0},"end":{"line":1,"column":25}},"1":{"start":{"line":2,"column":0},"end":{"line":2,"column":34}},"2":{"start":{"line":3,"column":0},"end":{"line":3,"column":48}},"3":{"start":{"line":4,"column":0},"end":{"line":4,"column":10}},"4":{"start":{"line":5,"column":0},"end":{"line":5,"column":36}},"5":{"start":{"line":6,"column":0},"end":{"line":6,"column":48}},"6":{"start":{"line":7,"column":0},"end":{"line":7,"column":45}},"7":{"start":{"line":8,"column":0},"end":{"line":8,"column":10}},"8":{"start":{"line":9,"column":0},"end":{"line":9,"column":3}},"9":{"start":{"line":10,"column":0},"end":{"line":10,"column":1}},"10":{"start":{"line":11,"column":0},"end":{"line":11,"column":0}},"11":{"start":{"line":12,"column":0},"end":{"line":12,"column":27}},"12":{"start":{"line":13,"column":0},"end":{"line":13,"column":37}},"13":{"start":{"line":14,"column":0},"end":{"line":14,"column":36}},"14":{"start":{"line":15,"column":0},"end":{"line":15,"column":1}},"15":{"start":{"line":16,"column":0},"end":{"line":16,"column":0}},"16":{"start":{"line":17,"column":0},"end":{"line":17,"column":28}}},"s":{"0":1,"1":1,"2":1,"3":10,"4":10,"5":10,"6":10,"7":10,"8":10,"9":10,"10":1,"11":1,"12":1,"13":1,"14":1,"15":1,"16":1},"branchMap":{"0":{"type":"branch","line":3,"loc":{"start":{"line":3,"column":22},"end":{"line":10,"column":1}},"locations":[{"start":{"line":3,"column":22},"end":{"line":10,"column":1}}]}},"b":{"0":[10]},"fnMap":{"0":{"name":"TimerControls","decl":{"start":{"line":3,"column":22},"end":{"line":10,"column":1}},"loc":{"start":{"line":3,"column":22},"end":{"line":10,"column":1}},"line":3}},"f":{"0":10}}
,"/home/rafaelejosi/Projetos React/2_cronometro/cronometro/src/components/TimerDisplay.jsx": {"path":"/home/rafaelejosi/Projetos React/2_cronometro/cronometro/src/components/TimerDisplay.jsx","all":false,"statementMap":{"0":{"start":{"line":1,"column":0},"end":{"line":1,"column":25}},"1":{"start":{"line":2,"column":0},"end":{"line":2,"column":34}},"2":{"start":{"line":3,"column":0},"end":{"line":3,"column":36}},"3":{"start":{"line":4,"column":0},"end":{"line":4,"column":52}},"4":{"start":{"line":5,"column":0},"end":{"line":5,"column":1}},"5":{"start":{"line":6,"column":0},"end":{"line":6,"column":0}},"6":{"start":{"line":7,"column":0},"end":{"line":7,"column":26}},"7":{"start":{"line":8,"column":0},"end":{"line":8,"column":36}},"8":{"start":{"line":9,"column":0},"end":{"line":9,"column":1}},"9":{"start":{"line":10,"column":0},"end":{"line":10,"column":27}}},"s":{"0":1,"1":1,"2":1,"3":10,"4":10,"5":1,"6":1,"7":1,"8":1,"9":1},"branchMap":{"0":{"type":"branch","line":3,"loc":{"start":{"line":3,"column":21},"end":{"line":5,"column":1}},"locations":[{"start":{"line":3,"column":21},"end":{"line":5,"column":1}}]}},"b":{"0":[10]},"fnMap":{"0":{"name":"TimerDisplay","decl":{"start":{"line":3,"column":21},"end":{"line":5,"column":1}},"loc":{"start":{"line":3,"column":21},"end":{"line":5,"column":1}},"line":3}},"f":{"0":10}}
}
