TN:
SF:src/App.jsx
FN:4,App
FNF:1
FNH:1
FNDA:1,App
DA:1,1
DA:2,1
DA:3,1
DA:4,1
DA:5,1
DA:6,1
DA:7,1
DA:8,1
DA:9,1
DA:10,1
DA:11,1
DA:12,1
LF:12
LH:12
BRDA:4,0,0,1
BRF:1
BRH:1
end_of_record
TN:
SF:src/components/LapList.jsx
FN:3,LapList
FNF:1
FNH:1
FNDA:10,LapList
DA:1,1
DA:2,1
DA:3,1
DA:4,10
DA:5,10
DA:6,10
DA:7,10
DA:8,10
DA:9,10
DA:10,10
DA:11,10
DA:12,10
DA:13,10
DA:14,1
DA:15,1
LF:15
LH:15
BRDA:3,0,0,10
BRF:1
BRH:1
end_of_record
TN:
SF:src/components/Timer.jsx
FN:7,Timer
FN:11,formatTime
FN:17,startTimer
FN:22,stopTimer
FN:41,onStart
FN:42,onStop
FNF:6
FNH:6
FNDA:11,Timer
FNDA:10,formatTime
FNDA:2,startTimer
FNDA:14,stopTimer
FNDA:2,onStart
FNDA:2,onStop
DA:1,1
DA:2,1
DA:3,1
DA:4,1
DA:5,1
DA:6,1
DA:7,1
DA:8,11
DA:9,11
DA:10,11
DA:11,11
DA:12,10
DA:13,10
DA:14,10
DA:15,10
DA:16,10
DA:17,11
DA:18,2
DA:19,200
DA:20,2
DA:21,2
DA:22,11
DA:23,14
DA:24,14
DA:25,14
DA:26,11
DA:27,11
DA:28,8
DA:29,8
DA:30,2
DA:31,8
DA:32,6
DA:33,6
DA:34,8
DA:35,11
DA:36,11
DA:37,11
DA:38,11
DA:39,11
DA:40,11
DA:41,11
DA:42,11
DA:43,11
DA:44,11
DA:45,11
DA:46,11
DA:47,11
DA:48,1
DA:49,1
LF:49
LH:49
BRDA:7,0,0,11
BRDA:11,1,0,10
BRDA:17,2,0,2
BRDA:18,3,0,200
BRDA:19,4,0,200
BRDA:22,5,0,14
BRDA:27,6,0,8
BRDA:29,7,0,2
BRDA:31,8,0,6
BRDA:34,9,0,8
BRDA:41,10,0,2
BRDA:42,11,0,2
BRF:12
BRH:12
end_of_record
TN:
SF:src/components/TimerControls.jsx
FN:3,TimerControls
FNF:1
FNH:1
FNDA:10,TimerControls
DA:1,1
DA:2,1
DA:3,1
DA:4,10
DA:5,10
DA:6,10
DA:7,10
DA:8,10
DA:9,10
DA:10,10
DA:11,1
DA:12,1
DA:13,1
DA:14,1
DA:15,1
DA:16,1
DA:17,1
LF:17
LH:17
BRDA:3,0,0,10
BRF:1
BRH:1
end_of_record
TN:
SF:src/components/TimerDisplay.jsx
FN:3,TimerDisplay
FNF:1
FNH:1
FNDA:10,TimerDisplay
DA:1,1
DA:2,1
DA:3,1
DA:4,10
DA:5,10
DA:6,1
DA:7,1
DA:8,1
DA:9,1
DA:10,1
LF:10
LH:10
BRDA:3,0,0,10
BRF:1
BRH:1
end_of_record
