TN:
SF:src/App.jsx
FN:4,App
FNF:1
FNH:1
FNDA:2,App
DA:1,1
DA:2,1
DA:3,1
DA:4,2
DA:5,2
DA:6,2
DA:7,2
DA:8,2
DA:9,2
DA:10,2
DA:11,1
DA:12,1
LF:12
LH:12
BRDA:4,0,0,2
BRF:1
BRH:1
end_of_record
TN:
SF:src/components/LapList.jsx
FN:3,LapList
FNF:1
FNH:1
FNDA:17,LapList
DA:1,1
DA:2,1
DA:3,1
DA:4,17
DA:5,17
DA:6,17
DA:7,17
DA:8,17
DA:9,2
DA:10,2
DA:11,2
DA:12,17
DA:13,17
DA:14,17
DA:15,17
DA:16,17
DA:17,1
DA:18,1
DA:19,1
DA:20,1
LF:20
LH:20
BRDA:3,0,0,17
BRDA:8,1,0,2
BRF:2
BRH:2
end_of_record
TN:
SF:src/components/Timer.jsx
FN:7,Timer
FN:11,formatTime
FN:17,startTimer
FN:22,stopTimer
FN:26,resetTimer
FN:31,addLap
FN:49,onStart
FN:50,onStop
FNF:8
FNH:8
FNDA:19,Timer
FNDA:19,formatTime
FNDA:4,startTimer
FNDA:22,stopTimer
FNDA:1,resetTimer
FNDA:1,addLap
FNDA:4,onStart
FNDA:2,onStop
DA:1,1
DA:2,1
DA:3,1
DA:4,1
DA:5,1
DA:6,1
DA:7,1
DA:8,19
DA:9,19
DA:10,19
DA:11,19
DA:12,19
DA:13,19
DA:14,19
DA:15,19
DA:16,19
DA:17,19
DA:18,4
DA:19,400
DA:20,4
DA:21,4
DA:22,19
DA:23,22
DA:24,22
DA:25,22
DA:26,19
DA:27,1
DA:28,1
DA:29,1
DA:30,1
DA:31,19
DA:32,1
DA:33,1
DA:34,19
DA:35,13
DA:36,13
DA:37,4
DA:38,13
DA:39,9
DA:40,9
DA:41,13
DA:42,19
DA:43,19
DA:44,19
DA:45,19
DA:46,19
DA:47,19
DA:48,19
DA:49,19
DA:50,19
DA:51,19
DA:52,19
DA:53,19
DA:54,19
DA:55,19
DA:56,19
DA:57,19
DA:58,1
DA:59,1
LF:59
LH:59
BRDA:7,0,0,19
BRDA:11,1,0,19
BRDA:17,2,0,4
BRDA:18,3,0,400
BRDA:19,4,0,400
BRDA:22,5,0,22
BRDA:26,6,0,1
BRDA:31,7,0,1
BRDA:34,8,0,13
BRDA:36,9,0,4
BRDA:38,10,0,9
BRDA:41,11,0,13
BRDA:49,12,0,4
BRDA:50,13,0,2
BRF:14
BRH:14
end_of_record
TN:
SF:src/components/TimerControls.jsx
FN:3,TimerControls
FNF:1
FNH:1
FNDA:18,TimerControls
DA:1,1
DA:2,1
DA:3,1
DA:4,18
DA:5,18
DA:6,18
DA:7,18
DA:8,18
DA:9,18
DA:10,18
DA:11,18
DA:12,18
DA:13,1
DA:14,1
DA:15,1
DA:16,1
DA:17,1
DA:18,1
DA:19,1
DA:20,1
DA:21,1
DA:22,1
LF:22
LH:22
BRDA:3,0,0,18
BRDA:6,1,0,11
BRDA:7,2,0,6
BRDA:8,3,0,6
BRF:4
BRH:4
end_of_record
TN:
SF:src/components/TimerDisplay.jsx
FN:3,TimerDisplay
FNF:1
FNH:1
FNDA:17,TimerDisplay
DA:1,1
DA:2,1
DA:3,1
DA:4,17
DA:5,17
DA:6,1
DA:7,1
DA:8,1
DA:9,1
DA:10,1
LF:10
LH:10
BRDA:3,0,0,17
BRF:1
BRH:1
end_of_record
